<?xml version="1.0" encoding="UTF-8"?>
<testsuite name="com.example.blog.IntegrationTests" tests="1" skipped="0" failures="0" errors="0" timestamp="2020-11-11T15:09:21" hostname="MA318FV35PELYWG.domain_not_set.invalid" time="0.785">
  <properties/>
  <testcase name="Assert blog page title, content and status code()" classname="com.example.blog.IntegrationTests" time="0.785"/>
  <system-out><![CDATA[15:09:16.462 [Test worker] DEBUG org.springframework.test.context.BootstrapUtils - Instantiating CacheAwareContextLoaderDelegate from class [org.springframework.test.context.cache.DefaultCacheAwareContextLoaderDelegate]
15:09:16.483 [Test worker] DEBUG org.springframework.test.context.BootstrapUtils - Instantiating BootstrapContext using constructor [public org.springframework.test.context.support.DefaultBootstrapContext(java.lang.Class,org.springframework.test.context.CacheAwareContextLoaderDelegate)]
15:09:16.559 [Test worker] DEBUG org.springframework.test.context.BootstrapUtils - Instantiating TestContextBootstrapper for test class [com.example.blog.IntegrationTests] from class [org.springframework.boot.test.context.SpringBootTestContextBootstrapper]
15:09:16.602 [Test worker] INFO org.springframework.boot.test.context.SpringBootTestContextBootstrapper - Neither @ContextConfiguration nor @ContextHierarchy found for test class [com.example.blog.IntegrationTests], using SpringBootContextLoader
15:09:16.613 [Test worker] DEBUG org.springframework.test.context.support.AbstractContextLoader - Did not detect default resource location for test class [com.example.blog.IntegrationTests]: class path resource [com/example/blog/IntegrationTests-context.xml] does not exist
15:09:16.614 [Test worker] DEBUG org.springframework.test.context.support.AbstractContextLoader - Did not detect default resource location for test class [com.example.blog.IntegrationTests]: class path resource [com/example/blog/IntegrationTestsContext.groovy] does not exist
15:09:16.616 [Test worker] INFO org.springframework.test.context.support.AbstractContextLoader - Could not detect default resource locations for test class [com.example.blog.IntegrationTests]: no resource found for suffixes {-context.xml, Context.groovy}.
15:09:16.619 [Test worker] INFO org.springframework.test.context.support.AnnotationConfigContextLoaderUtils - Could not detect default configuration classes for test class [com.example.blog.IntegrationTests]: IntegrationTests does not declare any static, non-private, non-final, nested classes annotated with @Configuration.
15:09:16.695 [Test worker] DEBUG org.springframework.test.context.support.ActiveProfilesUtils - Could not find an 'annotation declaring class' for annotation type [org.springframework.test.context.ActiveProfiles] and class [com.example.blog.IntegrationTests]
15:09:16.786 [Test worker] DEBUG org.springframework.context.annotation.ClassPathScanningCandidateComponentProvider - Identified candidate component class: file [/Users/stephaneemptage/Desktop/Repos/acebook/landing_page/acebook_kotlin/build/classes/kotlin/main/com/example/blog/BlogApplication.class]
15:09:16.801 [Test worker] INFO org.springframework.boot.test.context.SpringBootTestContextBootstrapper - Found @SpringBootConfiguration com.example.blog.BlogApplication for test class com.example.blog.IntegrationTests
15:09:16.931 [Test worker] DEBUG org.springframework.boot.test.context.SpringBootTestContextBootstrapper - @TestExecutionListeners is not present for class [com.example.blog.IntegrationTests]: using defaults.
15:09:16.932 [Test worker] INFO org.springframework.boot.test.context.SpringBootTestContextBootstrapper - Loaded default TestExecutionListener class names from location [META-INF/spring.factories]: [org.springframework.boot.test.autoconfigure.restdocs.RestDocsTestExecutionListener, org.springframework.boot.test.autoconfigure.web.client.MockRestServiceServerResetTestExecutionListener, org.springframework.boot.test.autoconfigure.web.servlet.MockMvcPrintOnlyOnFailureTestExecutionListener, org.springframework.boot.test.autoconfigure.web.servlet.WebDriverTestExecutionListener, org.springframework.boot.test.autoconfigure.webservices.client.MockWebServiceServerTestExecutionListener, org.springframework.boot.test.mock.mockito.MockitoTestExecutionListener, org.springframework.boot.test.mock.mockito.ResetMocksTestExecutionListener, org.springframework.test.context.web.ServletTestExecutionListener, org.springframework.test.context.support.DirtiesContextBeforeModesTestExecutionListener, org.springframework.test.context.support.DependencyInjectionTestExecutionListener, org.springframework.test.context.support.DirtiesContextTestExecutionListener, org.springframework.test.context.transaction.TransactionalTestExecutionListener, org.springframework.test.context.jdbc.SqlScriptsTestExecutionListener, org.springframework.test.context.event.EventPublishingTestExecutionListener]
15:09:16.971 [Test worker] INFO org.springframework.boot.test.context.SpringBootTestContextBootstrapper - Using TestExecutionListeners: [org.springframework.test.context.web.ServletTestExecutionListener@4c9fcbc7, org.springframework.test.context.support.DirtiesContextBeforeModesTestExecutionListener@bac2efb, org.springframework.boot.test.mock.mockito.MockitoTestExecutionListener@72bf652e, org.springframework.boot.test.autoconfigure.SpringBootDependencyInjectionTestExecutionListener@3f17834a, org.springframework.test.context.support.DirtiesContextTestExecutionListener@d64b69c, org.springframework.test.context.transaction.TransactionalTestExecutionListener@67d58a3d, org.springframework.test.context.jdbc.SqlScriptsTestExecutionListener@6e4a15fc, org.springframework.test.context.event.EventPublishingTestExecutionListener@6dc4d6ac, org.springframework.boot.test.autoconfigure.restdocs.RestDocsTestExecutionListener@45bc5dde, org.springframework.boot.test.autoconfigure.web.client.MockRestServiceServerResetTestExecutionListener@e73a336, org.springframework.boot.test.autoconfigure.web.servlet.MockMvcPrintOnlyOnFailureTestExecutionListener@3028a2f1, org.springframework.boot.test.autoconfigure.web.servlet.WebDriverTestExecutionListener@7b1263ee, org.springframework.boot.test.autoconfigure.webservices.client.MockWebServiceServerTestExecutionListener@5c6793ff, org.springframework.boot.test.mock.mockito.ResetMocksTestExecutionListener@4f1ee156]
15:09:16.976 [Test worker] DEBUG org.springframework.test.context.support.AbstractDirtiesContextTestExecutionListener - Before test class: context [DefaultTestContext@1b342afe testClass = IntegrationTests, testInstance = [null], testMethod = [null], testException = [null], mergedContextConfiguration = [WebMergedContextConfiguration@41eb391a testClass = IntegrationTests, locations = '{}', classes = '{class com.example.blog.BlogApplication}', contextInitializerClasses = '[]', activeProfiles = '{}', propertySourceLocations = '{}', propertySourceProperties = '{org.springframework.boot.test.context.SpringBootTestContextBootstrapper=true, server.port=0}', contextCustomizers = set[org.springframework.boot.test.autoconfigure.properties.PropertyMappingContextCustomizer@0, org.springframework.boot.test.autoconfigure.web.servlet.WebDriverContextCustomizerFactory$Customizer@7a221b6f, org.springframework.boot.test.context.filter.ExcludeFilterContextCustomizer@54a5e924, org.springframework.boot.test.json.DuplicateJsonObjectContextCustomizerFactory$DuplicateJsonObjectContextCustomizer@63dfa29a, org.springframework.boot.test.mock.mockito.MockitoContextCustomizer@0, org.springframework.boot.test.web.client.TestRestTemplateContextCustomizer@14c32226, org.springframework.boot.test.context.SpringBootTestArgs@1, org.springframework.boot.test.context.SpringBootTestWebEnvironment@42120424], resourceBasePath = 'src/main/webapp', contextLoader = 'org.springframework.boot.test.context.SpringBootContextLoader', parent = [null]], attributes = map['org.springframework.test.context.web.ServletTestExecutionListener.activateListener' -> false]], class annotated with @DirtiesContext [false] with mode [null].
15:09:17.014 [Test worker] DEBUG org.springframework.test.context.support.TestPropertySourceUtils - Adding inlined properties to environment: {spring.jmx.enabled=false, org.springframework.boot.test.context.SpringBootTestContextBootstrapper=true, server.port=0}

  .   ____          _            __ _ _
 /\\ / ___'_ __ _ _(_)_ __  __ _ \ \ \ \
( ( )\___ | '_ | '_| | '_ \/ _` | \ \ \ \
 \\/  ___)| |_)| | | | | || (_| |  ) ) ) )
  '  |____| .__|_| |_|_| |_\__, | / / / /
 =========|_|==============|___/=/_/_/_/
 :: Spring Boot ::        (v2.3.5.RELEASE)

2020-11-11 15:09:17.412  INFO 44069 --- [    Test worker] com.example.blog.IntegrationTests        : Starting IntegrationTests on MA318FV35PELYWG.domain_not_set.invalid with PID 44069 (started by stephaneemptage in /Users/stephaneemptage/Desktop/Repos/acebook/landing_page/acebook_kotlin)
2020-11-11 15:09:17.418  INFO 44069 --- [    Test worker] com.example.blog.IntegrationTests        : No active profile set, falling back to default profiles: default
2020-11-11 15:09:18.413  INFO 44069 --- [    Test worker] .s.d.r.c.RepositoryConfigurationDelegate : Bootstrapping Spring Data JPA repositories in DEFERRED mode.
2020-11-11 15:09:18.443  INFO 44069 --- [    Test worker] .s.d.r.c.RepositoryConfigurationDelegate : Finished Spring Data repository scanning in 16ms. Found 0 JPA repository interfaces.
2020-11-11 15:09:19.406  INFO 44069 --- [    Test worker] o.s.b.w.embedded.tomcat.TomcatWebServer  : Tomcat initialized with port(s): 0 (http)
2020-11-11 15:09:19.422  INFO 44069 --- [    Test worker] o.apache.catalina.core.StandardService   : Starting service [Tomcat]
2020-11-11 15:09:19.423  INFO 44069 --- [    Test worker] org.apache.catalina.core.StandardEngine  : Starting Servlet engine: [Apache Tomcat/9.0.39]
2020-11-11 15:09:19.616  INFO 44069 --- [    Test worker] o.a.c.c.C.[Tomcat].[localhost].[/]       : Initializing Spring embedded WebApplicationContext
2020-11-11 15:09:19.616  INFO 44069 --- [    Test worker] w.s.c.ServletWebServerApplicationContext : Root WebApplicationContext: initialization completed in 2169 ms
2020-11-11 15:09:19.929  INFO 44069 --- [    Test worker] o.s.s.concurrent.ThreadPoolTaskExecutor  : Initializing ExecutorService 'applicationTaskExecutor'
2020-11-11 15:09:19.956  INFO 44069 --- [    Test worker] com.zaxxer.hikari.HikariDataSource       : HikariPool-1 - Starting...
2020-11-11 15:09:20.133  INFO 44069 --- [    Test worker] com.zaxxer.hikari.HikariDataSource       : HikariPool-1 - Start completed.
2020-11-11 15:09:20.227  INFO 44069 --- [         task-1] o.hibernate.jpa.internal.util.LogHelper  : HHH000204: Processing PersistenceUnitInfo [name: default]
2020-11-11 15:09:20.315  INFO 44069 --- [         task-1] org.hibernate.Version                    : HHH000412: Hibernate ORM core version 5.4.22.Final
2020-11-11 15:09:20.360  WARN 44069 --- [    Test worker] JpaBaseConfiguration$JpaWebConfiguration : spring.jpa.open-in-view is enabled by default. Therefore, database queries may be performed during view rendering. Explicitly configure spring.jpa.open-in-view to disable this warning
2020-11-11 15:09:20.606  INFO 44069 --- [         task-1] o.hibernate.annotations.common.Version   : HCANN000001: Hibernate Commons Annotations {5.1.0.Final}
2020-11-11 15:09:20.832  INFO 44069 --- [         task-1] org.hibernate.dialect.Dialect            : HHH000400: Using dialect: org.hibernate.dialect.H2Dialect
2020-11-11 15:09:21.221  INFO 44069 --- [         task-1] o.h.e.t.j.p.i.JtaPlatformInitiator       : HHH000490: Using JtaPlatform implementation: [org.hibernate.engine.transaction.jta.platform.internal.NoJtaPlatform]
2020-11-11 15:09:21.235  INFO 44069 --- [         task-1] j.LocalContainerEntityManagerFactoryBean : Initialized JPA EntityManagerFactory for persistence unit 'default'
2020-11-11 15:09:21.487  INFO 44069 --- [    Test worker] o.s.b.w.embedded.tomcat.TomcatWebServer  : Tomcat started on port(s): 50909 (http) with context path ''
2020-11-11 15:09:21.489  INFO 44069 --- [    Test worker] DeferredRepositoryInitializationListener : Triggering deferred initialization of Spring Data repositories…
2020-11-11 15:09:21.490  INFO 44069 --- [    Test worker] DeferredRepositoryInitializationListener : Spring Data repositories initialized!
2020-11-11 15:09:21.504  INFO 44069 --- [    Test worker] com.example.blog.IntegrationTests        : Started IntegrationTests in 4.485 seconds (JVM running for 6.167)
2020-11-11 15:09:22.093  INFO 44069 --- [o-auto-1-exec-1] o.a.c.c.C.[Tomcat].[localhost].[/]       : Initializing Spring DispatcherServlet 'dispatcherServlet'
2020-11-11 15:09:22.093  INFO 44069 --- [o-auto-1-exec-1] o.s.web.servlet.DispatcherServlet        : Initializing Servlet 'dispatcherServlet'
2020-11-11 15:09:22.115  INFO 44069 --- [o-auto-1-exec-1] o.s.web.servlet.DispatcherServlet        : Completed initialization in 22 ms
]]></system-out>
  <system-err><![CDATA[]]></system-err>
</testsuite>
